make --dry-run --always-make --keep-going --print-directory
make: Entering directory `/Users/toltol/Ecole/Devoteam/petra/server'
printf "Executing target: \033[36mclean\033[0m\n"
rm -rf dist
rm -f coverage.*
 
printf "Executing target: \033[36minstall\033[0m\n"
cd tools && go install github.com/golangci/golangci-lint/cmd/golangci-lint github.com/goreleaser/goreleaser
printf "Executing target: \033[36mgenerate\033[0m\n"
go generate ./...
printf "Executing target: \033[36mvet\033[0m\n"
go vet ./...
printf "Executing target: \033[36mfmt\033[0m\n"
go fmt ./...
printf "Executing target: \033[36mlint\033[0m\n"
golangci-lint run
printf "Executing target: \033[36mtest\033[0m\n"
go test -race -covermode=atomic -coverprofile=coverage.out ./...
go tool cover -html=coverage.out -o coverage.html
printf "Executing target: \033[36mmod-tidy\033[0m\n"
go mod tidy
cd tools && go mod tidy
make: Leaving directory `/Users/toltol/Ecole/Devoteam/petra/server'
 
